Command line:
   IP_Rdm_isim_beh.exe
     -simmode  gui
     -simrunnum  0
     -socket  45101

Fri Nov 25 09:00:42 2016


 Elaboration Time: 0.01 sec

 Current Memory Usage: 157.909 Meg

 Total Signals          : 11
 Total Nets             : 110
 Total Signal Drivers   : 4
 Total Blocks           : 5
 Total Primitive Blocks : 4
 Total Processes        : 3
 Total Traceable Variables  : 12
 Total Scalar Nets and Variables : 500
Total Line Count : 8
Total Line Count : 8
Total Line Count : 8

 Total Simulation Time: 0.04 sec

 Current Memory Usage: 232.358 Meg

Fri Nov 25 09:35:21 2016

