ISim log file
Running: /home/m1/hembert/AEO/TP10/IP_fibo_isim_beh.exe -gui -tclbatch isim.cmd -wdb /home/m1/hembert/AEO/TP10/IP_fibo_isim_beh.wdb 
ISim M.81d (signature 0x9ca8bed6)
WARNING: A WEBPACK license was found.
WARNING: Please use Xilinx License Configuration Manager to check out a full ISim license.
WARNING: ISim will run in Lite mode. Please refer to the ISim documentation for more information on the differences between the Lite and the Full version.
This is a Lite version of ISim.
Time resolution is 1 ps
# onerror resume
# wave add /
# run 1000 ns
Simulator is doing circuit initialization process.
Finished circuit initialization process.
# restart
# isim force add /ip_fibo/clk 0 -radix bin -value 1 -radix bin -time 5 ns -repeat 10 ns
# run 10ns
Simulator is doing circuit initialization process.
Finished circuit initialization process.
# isim force add /ip_fibo/tin 5 -radix hex
# isim force add /ip_fibo/ipcode 403 -radix hex
# run 10ns
# isim force add /ip_fibo/init_i 1 -radix bin
# run 10ns
# run 10ns
# run 10ns
# run 10ns
# run 10ns
# run 10ns
# run 10ns
# run 10ns
# isim force add /ip_fibo/init_i 0 -radix bin
# run 10ns
# run 10ns
# run 10ns
# run 10ns
# run 10ns
# run 10ns
# run 10ns
# run 10ns
# run 10ns
# run 10ns
# run 10ns
# run 10ns
# run 10ns
# isim force add /ip_fibo/init_i 1 -radix bin
# run 10ns
# isim force add /ip_fibo/init_i 0 -radix bin
# run 10ns
# run 10ns
# run 10ns
# run 10ns
# run 10ns
# run 10ns
# run 10ns
# run 10ns
# run 10ns
# run 10ns
# run 10ns
# run 10ns
# run 10ns
# run 10ns
# run 10ns
# run 10ns
# run 10ns
# run 10ns
# run 10ns
# isim force add /ip_fibo/reset 1 -radix bin
# isim force add /ip_fibo/reset 1 -radix bin
# run 10ns
# run 10ns
# run 10ns
# isim force add /ip_fibo/reset 0 -radix bin
# isim force add /ip_fibo/init_i 1 -radix bin
# run 10ns
# isim force add /ip_fibo/init_i 0 -radix bin
# run 10ns
# run 10ns
# run 10ns
# run 10ns
# run 10ns
# run 10ns
# restart
# isim force add /ip_fibo/clk 0 -radix bin -value 1 -radix bin -time 5 ns -repeat 10 ns
# run 10ns
Simulator is doing circuit initialization process.
Finished circuit initialization process.
# isim force add /ip_fibo/init_i 1 -radix bin
# run 10ns
# run 10ns
# run 10ns
# run 10ns
# run 10ns
# isim force add /ip_fibo/ipcode 403 -radix hex
# isim force add /ip_fibo/tin 5 -radix hex
# run 10ns
# isim force add /ip_fibo/init_i 0 -radix bin
# run 10ns
# run 10ns
# run 10ns
# run 10ns
# run 10ns
# run 10ns
# run 10ns
# run 10ns
# run 10ns
# exit 0
