Command line:
   shift_isim_beh.exe
     -simmode  gui
     -simrunnum  0
     -socket  50422

Fri Oct  7 11:20:24 2016


 Elaboration Time: 0 sec

 Current Memory Usage: 157.696 Meg

 Total Signals          : 36
 Total Nets             : 30
 Total Signal Drivers   : 9
 Total Blocks           : 10
 Total Primitive Blocks : 9
 Total Processes        : 9
 Total Traceable Variables  : 16
 Total Scalar Nets and Variables : 398
Total Line Count : 17
Total Line Count : 17
Total Line Count : 17

 Total Simulation Time: 0.12 sec

 Current Memory Usage: 232.145 Meg

Fri Oct  7 11:32:38 2016

