Command line:
   Digicode_isim_beh.exe
     -simmode  gui
     -simrunnum  0
     -socket  44420

Fri Oct 14 12:11:16 2016


 Elaboration Time: 0 sec

 Current Memory Usage: 157.667 Meg

 Total Signals          : 8
 Total Nets             : 25
 Total Signal Drivers   : 5
 Total Blocks           : 2
 Total Primitive Blocks : 2
 Total Processes        : 4
 Total Traceable Variables  : 8
 Total Scalar Nets and Variables : 385
Total Line Count : 48
Total Line Count : 48

 Total Simulation Time: 0.08 sec

 Current Memory Usage: 232.116 Meg

Fri Oct 14 12:18:06 2016

