Command line:
   random_isim_beh.exe
     -simmode  gui
     -simrunnum  0
     -socket  49948

Fri Nov 25 08:58:33 2016


 Elaboration Time: 0.02 sec

 Current Memory Usage: 157.671 Meg

 Total Signals          : 5
 Total Nets             : 67
 Total Signal Drivers   : 2
 Total Blocks           : 2
 Total Primitive Blocks : 2
 Total Processes        : 1
 Total Traceable Variables  : 9
 Total Scalar Nets and Variables : 428
Total Line Count : 6
Total Line Count : 6

 Total Simulation Time: 0.03 sec

 Current Memory Usage: 232.12 Meg

Fri Nov 25 08:59:44 2016

