Release 12.4 - xst M.81d (lin64)
Copyright (c) 1995-2010 Xilinx, Inc.  All rights reserved.
--> 
Parameter TMPDIR set to xst/projnav.tmp


Total REAL time to Xst completion: 0.00 secs
Total CPU time to Xst completion: 0.03 secs
 
--> 
Parameter xsthdpdir set to xst


Total REAL time to Xst completion: 0.00 secs
Total CPU time to Xst completion: 0.03 secs
 
--> 
Reading design: Digicode.prj

TABLE OF CONTENTS
  1) Synthesis Options Summary
  2) HDL Parsing
  3) HDL Elaboration
  4) HDL Synthesis
       4.1) HDL Synthesis Report
  5) Advanced HDL Synthesis
       5.1) Advanced HDL Synthesis Report
  6) Low Level Synthesis
  7) Partition Report
  8) Design Summary
       8.1) Primitive and Black Box Usage
       8.2) Device utilization summary
       8.3) Partition Resource Summary
       8.4) Timing Report
            8.4.1) Clock Information
            8.4.2) Asynchronous Control Signals Information
            8.4.3) Timing Summary
            8.4.4) Timing Details
            8.4.5) Cross Clock Domains Report


=========================================================================
*                      Synthesis Options Summary                        *
=========================================================================
---- Source Parameters
Input File Name                    : "Digicode.prj"
Input Format                       : mixed
Ignore Synthesis Constraint File   : NO

---- Target Parameters
Output File Name                   : "Digicode"
Output Format                      : NGC
Target Device                      : xc6slx16-3-csg324

---- Source Options
Top Module Name                    : Digicode
Automatic FSM Extraction           : YES
FSM Encoding Algorithm             : Auto
Safe Implementation                : No
FSM Style                          : LUT
RAM Extraction                     : Yes
RAM Style                          : Auto
ROM Extraction                     : Yes
Shift Register Extraction          : YES
ROM Style                          : Auto
Resource Sharing                   : YES
Asynchronous To Synchronous        : NO
Shift Register Minimum Size        : 2
Use DSP Block                      : Auto
Automatic Register Balancing       : No

---- Target Options
LUT Combining                      : Auto
Reduce Control Sets                : Auto
Add IO Buffers                     : YES
Global Maximum Fanout              : 100000
Add Generic Clock Buffer(BUFG)     : 16
Register Duplication               : YES
Optimize Instantiated Primitives   : NO
Use Clock Enable                   : Auto
Use Synchronous Set                : Auto
Use Synchronous Reset              : Auto
Pack IO Registers into IOBs        : Auto
Equivalent register Removal        : YES

---- General Options
Optimization Goal                  : Speed
Optimization Effort                : 1
Power Reduction                    : NO
Keep Hierarchy                     : No
Netlist Hierarchy                  : As_Optimized
RTL Output                         : Yes
Global Optimization                : AllClockNets
Read Cores                         : YES
Write Timing Constraints           : NO
Cross Clock Analysis               : NO
Hierarchy Separator                : /
Bus Delimiter                      : <>
Case Specifier                     : Maintain
Slice Utilization Ratio            : 100
BRAM Utilization Ratio             : 100
DSP48 Utilization Ratio            : 100
Auto BRAM Packing                  : NO
Slice Utilization Ratio Delta      : 5

=========================================================================


=========================================================================
*                          HDL Parsing                                  *
=========================================================================
Parsing VHDL file "/home/m1/hembert/AEO/TP5/Digicode.vhd" into library work
Parsing entity <Digicode>.
Parsing architecture <Behavioral> of entity <digicode>.

=========================================================================
*                            HDL Elaboration                            *
=========================================================================

Elaborating entity <Digicode> (architecture <Behavioral>) from library <work>.
INFO:HDLCompiler:679 - "/home/m1/hembert/AEO/TP5/Digicode.vhd" Line 103. Case statement is complete. others clause is never selected
INFO:HDLCompiler:679 - "/home/m1/hembert/AEO/TP5/Digicode.vhd" Line 111. Case statement is complete. others clause is never selected
INFO:HDLCompiler:679 - "/home/m1/hembert/AEO/TP5/Digicode.vhd" Line 119. Case statement is complete. others clause is never selected
INFO:HDLCompiler:679 - "/home/m1/hembert/AEO/TP5/Digicode.vhd" Line 127. Case statement is complete. others clause is never selected
INFO:HDLCompiler:679 - "/home/m1/hembert/AEO/TP5/Digicode.vhd" Line 157. Case statement is complete. others clause is never selected

=========================================================================
*                           HDL Synthesis                               *
=========================================================================

Synthesizing Unit <Digicode>.
    Related source file is "/home/m1/hembert/AEO/TP5/Digicode.vhd".
    Found 2-bit register for signal <led>.
    Found 3-bit register for signal <state>.
    Found finite state machine <FSM_0> for signal <state>.
    -----------------------------------------------------------------------
    | States             | 5                                              |
    | Transitions        | 10                                             |
    | Inputs             | 5                                              |
    | Outputs            | 2                                              |
    | Clock              | clk (rising_edge)                              |
    | Reset              | btn<4> (positive)                              |
    | Reset type         | synchronous                                    |
    | Reset State        | st_base                                        |
    | Power Up State     | st_base                                        |
    | Encoding           | auto                                           |
    | Implementation     | LUT                                            |
    -----------------------------------------------------------------------
    Found 1-bit 4-to-1 multiplexer for signal <sw[1]_input[3]_Mux_10_o> created at line 132.
    Found 1-bit 4-to-1 multiplexer for signal <sw[3]_input[3]_Mux_12_o> created at line 136.
    Found 1-bit 4-to-1 multiplexer for signal <sw[5]_input[3]_Mux_14_o> created at line 142.
    Found 1-bit 4-to-1 multiplexer for signal <sw[7]_input[3]_Mux_16_o> created at line 148.
    Summary:
	inferred   2 D-type flip-flop(s).
	inferred   4 Multiplexer(s).
	inferred   1 Finite State Machine(s).
Unit <Digicode> synthesized.
RTL-Simplification CPUSTAT: 0.00 
RTL-BasicInf CPUSTAT: 0.09 
RTL-BasicOpt CPUSTAT: 0.00 
RTL-Remain-Bus CPUSTAT: 0.00 

=========================================================================
HDL Synthesis Report

Macro Statistics
# Registers                                            : 1
 2-bit register                                        : 1
# Multiplexers                                         : 4
 1-bit 4-to-1 multiplexer                              : 4
# FSMs                                                 : 1

=========================================================================

=========================================================================
*                       Advanced HDL Synthesis                          *
=========================================================================


=========================================================================
Advanced HDL Synthesis Report

Macro Statistics
# Registers                                            : 2
 Flip-Flops                                            : 2
# Multiplexers                                         : 4
 1-bit 4-to-1 multiplexer                              : 4
# FSMs                                                 : 1

=========================================================================

=========================================================================
*                         Low Level Synthesis                           *
=========================================================================
Analyzing FSM <MFsm> for best encoding.
Optimizing FSM <FSM_0> on signal <state[1:3]> with gray encoding.
-------------------------
 State       | Encoding
-------------------------
 st_base     | 000
 st_1correct | 001
 st_2correct | 011
 st_3correct | 010
 st_ouvert   | 110
-------------------------

Optimizing unit <Digicode> ...

Mapping all equations...
Building and optimizing final netlist ...
Found area constraint ratio of 100 (+ 5) on block Digicode, actual ratio is 0.

Final Macro Processing ...

=========================================================================
Final Register Report

Macro Statistics
# Registers                                            : 5
 Flip-Flops                                            : 5

=========================================================================

=========================================================================
*                           Partition Report                            *
=========================================================================

Partition Implementation Status
-------------------------------

  No Partitions were found in this design.

-------------------------------

=========================================================================
*                            Design Summary                             *
=========================================================================

Top Level Output File Name         : Digicode.ngc

Primitive and Black Box Usage:
------------------------------
# BELS                             : 9
#      LUT3                        : 1
#      LUT4                        : 2
#      LUT5                        : 3
#      LUT6                        : 3
# FlipFlops/Latches                : 5
#      FDR                         : 5
# Clock Buffers                    : 1
#      BUFGP                       : 1
# IO Buffers                       : 15
#      IBUF                        : 13
#      OBUF                        : 2

Device utilization summary:
---------------------------

Selected Device : 6slx16csg324-3 


Slice Logic Utilization: 
 Number of Slice Registers:               5  out of  18224     0%  
 Number of Slice LUTs:                    9  out of   9112     0%  
    Number used as Logic:                 9  out of   9112     0%  

Slice Logic Distribution: 
 Number of LUT Flip Flop pairs used:     10
   Number with an unused Flip Flop:       5  out of     10    50%  
   Number with an unused LUT:             1  out of     10    10%  
   Number of fully used LUT-FF pairs:     4  out of     10    40%  
   Number of unique control sets:         1

IO Utilization: 
 Number of IOs:                          16
 Number of bonded IOBs:                  16  out of    232     6%  

Specific Feature Utilization:
 Number of BUFG/BUFGCTRLs:                1  out of     16     6%  

---------------------------
Partition Resource Summary:
---------------------------

  No Partitions were found in this design.

---------------------------


=========================================================================
Timing Report

NOTE: THESE TIMING NUMBERS ARE ONLY A SYNTHESIS ESTIMATE.
      FOR ACCURATE TIMING INFORMATION PLEASE REFER TO THE TRACE REPORT
      GENERATED AFTER PLACE-and-ROUTE.

Clock Information:
------------------
-----------------------------------+------------------------+-------+
Clock Signal                       | Clock buffer(FF name)  | Load  |
-----------------------------------+------------------------+-------+
clk                                | BUFGP                  | 5     |
-----------------------------------+------------------------+-------+

Asynchronous Control Signals Information:
----------------------------------------
No asynchronous control signals found in this design

Timing Summary:
---------------
Speed Grade: -3

   Minimum period: 1.683ns (Maximum Frequency: 594.336MHz)
   Minimum input arrival time before clock: 3.598ns
   Maximum output required time after clock: 3.597ns
   Maximum combinational path delay: No path found

Timing Details:
---------------
All values displayed in nanoseconds (ns)

=========================================================================
Timing constraint: Default period analysis for Clock 'clk'
  Clock period: 1.683ns (frequency: 594.336MHz)
  Total number of paths / destination ports: 12 / 5
-------------------------------------------------------------------------
Delay:               1.683ns (Levels of Logic = 1)
  Source:            state_FSM_FFd1 (FF)
  Destination:       state_FSM_FFd1 (FF)
  Source Clock:      clk rising
  Destination Clock: clk rising

  Data Path: state_FSM_FFd1 to state_FSM_FFd1
                                Gate     Net
    Cell:in->out      fanout   Delay   Delay  Logical Name (Net Name)
    ----------------------------------------  ------------
     FDR:C->Q              4   0.447   0.931  state_FSM_FFd1 (state_FSM_FFd1)
     LUT5:I1->O            1   0.203   0.000  state_FSM_FFd1-In (state_FSM_FFd1-In)
     FDR:D                     0.102          state_FSM_FFd1
    ----------------------------------------
    Total                      1.683ns (0.752ns logic, 0.931ns route)
                                       (44.7% logic, 55.3% route)

=========================================================================
Timing constraint: Default OFFSET IN BEFORE for Clock 'clk'
  Total number of paths / destination ports: 33 / 8
-------------------------------------------------------------------------
Offset:              3.598ns (Levels of Logic = 3)
  Source:            sw<7> (PAD)
  Destination:       state_FSM_FFd1 (FF)
  Destination Clock: clk rising

  Data Path: sw<7> to state_FSM_FFd1
                                Gate     Net
    Cell:in->out      fanout   Delay   Delay  Logical Name (Net Name)
    ----------------------------------------  ------------
     IBUF:I->O             1   1.222   0.944  sw_7_IBUF (sw_7_IBUF)
     LUT6:I0->O            1   0.203   0.924  state_FSM_FFd1-In_SW0 (N24)
     LUT5:I0->O            1   0.203   0.000  state_FSM_FFd1-In (state_FSM_FFd1-In)
     FDR:D                     0.102          state_FSM_FFd1
    ----------------------------------------
    Total                      3.598ns (1.730ns logic, 1.868ns route)
                                       (48.1% logic, 51.9% route)

=========================================================================
Timing constraint: Default OFFSET OUT AFTER for Clock 'clk'
  Total number of paths / destination ports: 2 / 2
-------------------------------------------------------------------------
Offset:              3.597ns (Levels of Logic = 1)
  Source:            led_1 (FF)
  Destination:       led<1> (PAD)
  Source Clock:      clk rising

  Data Path: led_1 to led<1>
                                Gate     Net
    Cell:in->out      fanout   Delay   Delay  Logical Name (Net Name)
    ----------------------------------------  ------------
     FDR:C->Q              1   0.447   0.579  led_1 (led_1)
     OBUF:I->O                 2.571          led_1_OBUF (led<1>)
    ----------------------------------------
    Total                      3.597ns (3.018ns logic, 0.579ns route)
                                       (83.9% logic, 16.1% route)

=========================================================================

Cross Clock Domains Report:
--------------------------

Clock to Setup on destination clock clk
---------------+---------+---------+---------+---------+
               | Src:Rise| Src:Fall| Src:Rise| Src:Fall|
Source Clock   |Dest:Rise|Dest:Rise|Dest:Fall|Dest:Fall|
---------------+---------+---------+---------+---------+
clk            |    1.683|         |         |         |
---------------+---------+---------+---------+---------+

=========================================================================


Total REAL time to Xst completion: 2.00 secs
Total CPU time to Xst completion: 2.20 secs
 
--> 


Total memory usage is 361604 kilobytes

Number of errors   :    0 (   0 filtered)
Number of warnings :    0 (   0 filtered)
Number of infos    :    0 (   0 filtered)

