Release 12.4 - xst M.81d (lin64)
Copyright (c) 1995-2010 Xilinx, Inc.  All rights reserved.
--> 
Parameter TMPDIR set to xst/projnav.tmp


Total REAL time to Xst completion: 0.00 secs
Total CPU time to Xst completion: 0.03 secs
 
--> 
Parameter xsthdpdir set to xst


Total REAL time to Xst completion: 0.00 secs
Total CPU time to Xst completion: 0.03 secs
 
--> 
Reading design: afficheur.prj

TABLE OF CONTENTS
  1) Synthesis Options Summary
  2) HDL Parsing
  3) HDL Elaboration
  4) HDL Synthesis
       4.1) HDL Synthesis Report
  5) Advanced HDL Synthesis
       5.1) Advanced HDL Synthesis Report
  6) Low Level Synthesis
  7) Partition Report
  8) Design Summary
       8.1) Primitive and Black Box Usage
       8.2) Device utilization summary
       8.3) Partition Resource Summary
       8.4) Timing Report
            8.4.1) Clock Information
            8.4.2) Asynchronous Control Signals Information
            8.4.3) Timing Summary
            8.4.4) Timing Details
            8.4.5) Cross Clock Domains Report


=========================================================================
*                      Synthesis Options Summary                        *
=========================================================================
---- Source Parameters
Input File Name                    : "afficheur.prj"
Input Format                       : mixed
Ignore Synthesis Constraint File   : NO

---- Target Parameters
Output File Name                   : "afficheur"
Output Format                      : NGC
Target Device                      : xc6slx16-3-csg324

---- Source Options
Top Module Name                    : afficheur
Automatic FSM Extraction           : YES
FSM Encoding Algorithm             : Auto
Safe Implementation                : No
FSM Style                          : LUT
RAM Extraction                     : Yes
RAM Style                          : Auto
ROM Extraction                     : Yes
Shift Register Extraction          : YES
ROM Style                          : Auto
Resource Sharing                   : YES
Asynchronous To Synchronous        : NO
Shift Register Minimum Size        : 2
Use DSP Block                      : Auto
Automatic Register Balancing       : No

---- Target Options
LUT Combining                      : Auto
Reduce Control Sets                : Auto
Add IO Buffers                     : YES
Global Maximum Fanout              : 100000
Add Generic Clock Buffer(BUFG)     : 16
Register Duplication               : YES
Optimize Instantiated Primitives   : NO
Use Clock Enable                   : Auto
Use Synchronous Set                : Auto
Use Synchronous Reset              : Auto
Pack IO Registers into IOBs        : Auto
Equivalent register Removal        : YES

---- General Options
Optimization Goal                  : Speed
Optimization Effort                : 1
Power Reduction                    : NO
Keep Hierarchy                     : No
Netlist Hierarchy                  : As_Optimized
RTL Output                         : Yes
Global Optimization                : AllClockNets
Read Cores                         : YES
Write Timing Constraints           : NO
Cross Clock Analysis               : NO
Hierarchy Separator                : /
Bus Delimiter                      : <>
Case Specifier                     : Maintain
Slice Utilization Ratio            : 100
BRAM Utilization Ratio             : 100
DSP48 Utilization Ratio            : 100
Auto BRAM Packing                  : NO
Slice Utilization Ratio Delta      : 5

=========================================================================


=========================================================================
*                          HDL Parsing                                  *
=========================================================================
Parsing VHDL file "/home/m1/hembert/AEO/CTP/x7seg.vhd" into library work
Parsing entity <x7seg>.
Parsing architecture <Behavioral> of entity <x7seg>.
Parsing VHDL file "/home/m1/hembert/AEO/CTP/Question1.vhd" into library work
Parsing entity <FSM>.
Parsing architecture <Behavioral> of entity <fsm>.
Parsing VHDL file "/home/m1/hembert/AEO/CTP/clkdiv.vhd" into library work
Parsing entity <clkdiv>.
Parsing architecture <clkdiv> of entity <clkdiv>.
Parsing VHDL file "/home/m1/hembert/AEO/CTP/afficheur.vhd" into library work
Parsing entity <afficheur>.
Parsing architecture <Behavioral> of entity <afficheur>.

=========================================================================
*                            HDL Elaboration                            *
=========================================================================

Elaborating entity <afficheur> (architecture <Behavioral>) from library <work>.

Elaborating entity <x7seg> (architecture <Behavioral>) from library <work>.

Elaborating entity <clkdiv> (architecture <clkdiv>) from library <work>.

Elaborating entity <FSM> (architecture <Behavioral>) from library <work>.
WARNING:HDLCompiler:634 - "/home/m1/hembert/AEO/CTP/afficheur.vhd" Line 70: Net <reset> does not have a driver.

=========================================================================
*                           HDL Synthesis                               *
=========================================================================

Synthesizing Unit <afficheur>.
    Related source file is "/home/m1/hembert/AEO/CTP/afficheur.vhd".
WARNING:Xst:647 - Input <switches<6:6>> is never used. This port will be preserved and left unconnected if it belongs to a top-level block or it belongs to a sub-block and the hierarchy of this sub-block is preserved.
WARNING:Xst:647 - Input <switches<4:4>> is never used. This port will be preserved and left unconnected if it belongs to a top-level block or it belongs to a sub-block and the hierarchy of this sub-block is preserved.
WARNING:Xst:647 - Input <switches<2:2>> is never used. This port will be preserved and left unconnected if it belongs to a top-level block or it belongs to a sub-block and the hierarchy of this sub-block is preserved.
WARNING:Xst:647 - Input <switches<0:0>> is never used. This port will be preserved and left unconnected if it belongs to a top-level block or it belongs to a sub-block and the hierarchy of this sub-block is preserved.
INFO:Xst:3010 - "/home/m1/hembert/AEO/CTP/afficheur.vhd" line 85: Output port <E190> of the instance <Inst_clkdiv> is unconnected or connected to loadless signal.
WARNING:Xst:653 - Signal <reset> is used but never assigned. This sourceless signal will be automatically connected to value GND.
    Summary:
	no macro.
Unit <afficheur> synthesized.

Synthesizing Unit <x7seg>.
    Related source file is "/home/m1/hembert/AEO/CTP/x7seg.vhd".
    Found 16x7-bit Read Only RAM for signal <seg>
    Summary:
	inferred   1 RAM(s).
Unit <x7seg> synthesized.

Synthesizing Unit <clkdiv>.
    Related source file is "/home/m1/hembert/AEO/CTP/clkdiv.vhd".
    Found 1-bit register for signal <E190>.
    Found 24-bit register for signal <q>.
    Found 24-bit adder for signal <q[23]_GND_7_o_add_0_OUT> created at line 40.
    Summary:
	inferred   1 Adder/Subtractor(s).
	inferred  25 D-type flip-flop(s).
Unit <clkdiv> synthesized.

Synthesizing Unit <FSM>.
    Related source file is "/home/m1/hembert/AEO/CTP/Question1.vhd".
    Found 4-bit register for signal <sorties>.
    Found 4-bit register for signal <output_afficheur>.
    Found 2-bit register for signal <state>.
    Found finite state machine <FSM_0> for signal <state>.
    -----------------------------------------------------------------------
    | States             | 4                                              |
    | Transitions        | 4                                              |
    | Inputs             | 0                                              |
    | Outputs            | 6                                              |
    | Clock              | clk (rising_edge)                              |
    | Power Up State     | st_anode1                                      |
    | Encoding           | auto                                           |
    | Implementation     | LUT                                            |
    -----------------------------------------------------------------------
    Found 4-bit 4-to-1 multiplexer for signal <sorties_i> created at line 82.
    Summary:
	inferred   8 D-type flip-flop(s).
	inferred   1 Multiplexer(s).
	inferred   1 Finite State Machine(s).
Unit <FSM> synthesized.
RTL-Simplification CPUSTAT: 0.00 
RTL-BasicInf CPUSTAT: 0.07 
RTL-BasicOpt CPUSTAT: 0.00 
RTL-Remain-Bus CPUSTAT: 0.01 

=========================================================================
HDL Synthesis Report

Macro Statistics
# RAMs                                                 : 1
 16x7-bit single-port Read Only RAM                    : 1
# Adders/Subtractors                                   : 1
 24-bit adder                                          : 1
# Registers                                            : 4
 1-bit register                                        : 1
 24-bit register                                       : 1
 4-bit register                                        : 2
# Multiplexers                                         : 1
 4-bit 4-to-1 multiplexer                              : 1
# FSMs                                                 : 1

=========================================================================

=========================================================================
*                       Advanced HDL Synthesis                          *
=========================================================================


Synthesizing (advanced) Unit <clkdiv>.
The following registers are absorbed into counter <q>: 1 register on signal <q>.
Unit <clkdiv> synthesized (advanced).

Synthesizing (advanced) Unit <x7seg>.
INFO:Xst:3048 - The small RAM <Mram_seg> will be implemented on LUTs in order to maximize performance and save block RAM resources. If you want to force its implementation on block, use option/constraint ram_style.
    -----------------------------------------------------------------------
    | ram_type           | Distributed                         |          |
    -----------------------------------------------------------------------
    | Port A                                                              |
    |     aspect ratio   | 16-word x 7-bit                     |          |
    |     weA            | connected to signal <GND>           | high     |
    |     addrA          | connected to signal <sw>            |          |
    |     diA            | connected to signal <GND>           |          |
    |     doA            | connected to signal <seg>           |          |
    -----------------------------------------------------------------------
Unit <x7seg> synthesized (advanced).

=========================================================================
Advanced HDL Synthesis Report

Macro Statistics
# RAMs                                                 : 1
 16x7-bit single-port distributed Read Only RAM        : 1
# Adders/Subtractors                                   : 1
 24-bit adder                                          : 1
# Counters                                             : 1
 24-bit up counter                                     : 1
# Registers                                            : 9
 Flip-Flops                                            : 9
# Multiplexers                                         : 1
 4-bit 4-to-1 multiplexer                              : 1
# FSMs                                                 : 1

=========================================================================

=========================================================================
*                         Low Level Synthesis                           *
=========================================================================
WARNING:Xst:2677 - Node <Inst_clkdiv/E190> of sequential type is unconnected in block <afficheur>.
Analyzing FSM <MFsm> for best encoding.
Optimizing FSM <Inst_FSM/FSM_0> on signal <state[1:4]> with one-hot encoding.
-----------------------
 State     | Encoding
-----------------------
 st_anode1 | 0001
 st_anode2 | 0010
 st_anode3 | 0100
 st_anode4 | 1000
-----------------------
WARNING:Xst:2677 - Node <Inst_clkdiv/q_19> of sequential type is unconnected in block <afficheur>.
WARNING:Xst:2677 - Node <Inst_clkdiv/q_20> of sequential type is unconnected in block <afficheur>.
WARNING:Xst:2677 - Node <Inst_clkdiv/q_21> of sequential type is unconnected in block <afficheur>.
WARNING:Xst:2677 - Node <Inst_clkdiv/q_22> of sequential type is unconnected in block <afficheur>.
WARNING:Xst:2677 - Node <Inst_clkdiv/q_23> of sequential type is unconnected in block <afficheur>.
INFO:Xst:2261 - The FF/Latch <sorties_0> in Unit <FSM> is equivalent to the following 3 FFs/Latches, which will be removed : <sorties_1> <sorties_2> <sorties_3> 

Optimizing unit <afficheur> ...

Optimizing unit <FSM> ...

Mapping all equations...
Building and optimizing final netlist ...
Found area constraint ratio of 100 (+ 5) on block afficheur, actual ratio is 0.

Final Macro Processing ...

=========================================================================
Final Register Report

Macro Statistics
# Registers                                            : 28
 Flip-Flops                                            : 28

=========================================================================

=========================================================================
*                           Partition Report                            *
=========================================================================

Partition Implementation Status
-------------------------------

  No Partitions were found in this design.

-------------------------------

=========================================================================
*                            Design Summary                             *
=========================================================================

Top Level Output File Name         : afficheur.ngc

Primitive and Black Box Usage:
------------------------------
# BELS                             : 65
#      GND                         : 1
#      INV                         : 6
#      LUT1                        : 18
#      LUT4                        : 1
#      LUT5                        : 1
#      MUXCY                       : 18
#      VCC                         : 1
#      XORCY                       : 19
# FlipFlops/Latches                : 28
#      FD                          : 28
# Clock Buffers                    : 1
#      BUFGP                       : 1
# IO Buffers                       : 15
#      IBUF                        : 4
#      OBUF                        : 11

Device utilization summary:
---------------------------

Selected Device : 6slx16csg324-3 


Slice Logic Utilization: 
 Number of Slice Registers:              28  out of  18224     0%  
 Number of Slice LUTs:                   26  out of   9112     0%  
    Number used as Logic:                26  out of   9112     0%  

Slice Logic Distribution: 
 Number of LUT Flip Flop pairs used:     30
   Number with an unused Flip Flop:       2  out of     30     6%  
   Number with an unused LUT:             4  out of     30    13%  
   Number of fully used LUT-FF pairs:    24  out of     30    80%  
   Number of unique control sets:         2

IO Utilization: 
 Number of IOs:                          20
 Number of bonded IOBs:                  16  out of    232     6%  

Specific Feature Utilization:
 Number of BUFG/BUFGCTRLs:                1  out of     16     6%  

---------------------------
Partition Resource Summary:
---------------------------

  No Partitions were found in this design.

---------------------------


=========================================================================
Timing Report

NOTE: THESE TIMING NUMBERS ARE ONLY A SYNTHESIS ESTIMATE.
      FOR ACCURATE TIMING INFORMATION PLEASE REFER TO THE TRACE REPORT
      GENERATED AFTER PLACE-and-ROUTE.

Clock Information:
------------------
-----------------------------------+------------------------------+-------+
Clock Signal                       | Clock buffer(FF name)        | Load  |
-----------------------------------+------------------------------+-------+
clk                                | BUFGP                        | 19    |
Inst_clkdiv/q_18                   | NONE(Inst_FSM/state_FSM_FFd4)| 9     |
-----------------------------------+------------------------------+-------+
INFO:Xst:2169 - HDL ADVISOR - Some clock signals were not automatically buffered by XST with BUFG/BUFR resources. Please use the buffer_type constraint in order to insert these buffers to the clock signals to help prevent skew problems.

Asynchronous Control Signals Information:
----------------------------------------
No asynchronous control signals found in this design

Timing Summary:
---------------
Speed Grade: -3

   Minimum period: 2.292ns (Maximum Frequency: 436.281MHz)
   Minimum input arrival time before clock: 3.139ns
   Maximum output required time after clock: 4.485ns
   Maximum combinational path delay: No path found

Timing Details:
---------------
All values displayed in nanoseconds (ns)

=========================================================================
Timing constraint: Default period analysis for Clock 'clk'
  Clock period: 2.009ns (frequency: 497.797MHz)
  Total number of paths / destination ports: 190 / 19
-------------------------------------------------------------------------
Delay:               2.009ns (Levels of Logic = 20)
  Source:            Inst_clkdiv/q_0 (FF)
  Destination:       Inst_clkdiv/q_18 (FF)
  Source Clock:      clk rising
  Destination Clock: clk rising

  Data Path: Inst_clkdiv/q_0 to Inst_clkdiv/q_18
                                Gate     Net
    Cell:in->out      fanout   Delay   Delay  Logical Name (Net Name)
    ----------------------------------------  ------------
     FD:C->Q               1   0.447   0.579  Inst_clkdiv/q_0 (Inst_clkdiv/q_0)
     INV:I->O              1   0.206   0.000  Inst_clkdiv/Mcount_q_lut<0>_INV_0 (Inst_clkdiv/Mcount_q_lut<0>)
     MUXCY:S->O            1   0.172   0.000  Inst_clkdiv/Mcount_q_cy<0> (Inst_clkdiv/Mcount_q_cy<0>)
     MUXCY:CI->O           1   0.019   0.000  Inst_clkdiv/Mcount_q_cy<1> (Inst_clkdiv/Mcount_q_cy<1>)
     MUXCY:CI->O           1   0.019   0.000  Inst_clkdiv/Mcount_q_cy<2> (Inst_clkdiv/Mcount_q_cy<2>)
     MUXCY:CI->O           1   0.019   0.000  Inst_clkdiv/Mcount_q_cy<3> (Inst_clkdiv/Mcount_q_cy<3>)
     MUXCY:CI->O           1   0.019   0.000  Inst_clkdiv/Mcount_q_cy<4> (Inst_clkdiv/Mcount_q_cy<4>)
     MUXCY:CI->O           1   0.019   0.000  Inst_clkdiv/Mcount_q_cy<5> (Inst_clkdiv/Mcount_q_cy<5>)
     MUXCY:CI->O           1   0.019   0.000  Inst_clkdiv/Mcount_q_cy<6> (Inst_clkdiv/Mcount_q_cy<6>)
     MUXCY:CI->O           1   0.019   0.000  Inst_clkdiv/Mcount_q_cy<7> (Inst_clkdiv/Mcount_q_cy<7>)
     MUXCY:CI->O           1   0.019   0.000  Inst_clkdiv/Mcount_q_cy<8> (Inst_clkdiv/Mcount_q_cy<8>)
     MUXCY:CI->O           1   0.019   0.000  Inst_clkdiv/Mcount_q_cy<9> (Inst_clkdiv/Mcount_q_cy<9>)
     MUXCY:CI->O           1   0.019   0.000  Inst_clkdiv/Mcount_q_cy<10> (Inst_clkdiv/Mcount_q_cy<10>)
     MUXCY:CI->O           1   0.019   0.000  Inst_clkdiv/Mcount_q_cy<11> (Inst_clkdiv/Mcount_q_cy<11>)
     MUXCY:CI->O           1   0.019   0.000  Inst_clkdiv/Mcount_q_cy<12> (Inst_clkdiv/Mcount_q_cy<12>)
     MUXCY:CI->O           1   0.019   0.000  Inst_clkdiv/Mcount_q_cy<13> (Inst_clkdiv/Mcount_q_cy<13>)
     MUXCY:CI->O           1   0.019   0.000  Inst_clkdiv/Mcount_q_cy<14> (Inst_clkdiv/Mcount_q_cy<14>)
     MUXCY:CI->O           1   0.019   0.000  Inst_clkdiv/Mcount_q_cy<15> (Inst_clkdiv/Mcount_q_cy<15>)
     MUXCY:CI->O           1   0.019   0.000  Inst_clkdiv/Mcount_q_cy<16> (Inst_clkdiv/Mcount_q_cy<16>)
     MUXCY:CI->O           0   0.019   0.000  Inst_clkdiv/Mcount_q_cy<17> (Inst_clkdiv/Mcount_q_cy<17>)
     XORCY:CI->O           1   0.180   0.000  Inst_clkdiv/Mcount_q_xor<18> (Result<18>)
     FD:D                      0.102          Inst_clkdiv/q_18
    ----------------------------------------
    Total                      2.009ns (1.430ns logic, 0.579ns route)
                                       (71.2% logic, 28.8% route)

=========================================================================
Timing constraint: Default period analysis for Clock 'Inst_clkdiv/q_18'
  Clock period: 2.292ns (frequency: 436.281MHz)
  Total number of paths / destination ports: 12 / 9
-------------------------------------------------------------------------
Delay:               2.292ns (Levels of Logic = 2)
  Source:            Inst_FSM/state_FSM_FFd2 (FF)
  Destination:       Inst_FSM/sorties_0 (FF)
  Source Clock:      Inst_clkdiv/q_18 rising
  Destination Clock: Inst_clkdiv/q_18 rising

  Data Path: Inst_FSM/state_FSM_FFd2 to Inst_FSM/sorties_0
                                Gate     Net
    Cell:in->out      fanout   Delay   Delay  Logical Name (Net Name)
    ----------------------------------------  ------------
     FD:C->Q               3   0.447   0.755  Inst_FSM/state_FSM_FFd2 (Inst_FSM/state_FSM_FFd2)
     LUT4:I2->O            1   0.203   0.580  Inst_FSM/sorties_i<0>_SW0 (N01)
     LUT5:I4->O            1   0.205   0.000  Inst_FSM/sorties_i<0> (Inst_FSM/sorties_i<0>)
     FD:D                      0.102          Inst_FSM/sorties_0
    ----------------------------------------
    Total                      2.292ns (0.957ns logic, 1.335ns route)
                                       (41.8% logic, 58.2% route)

=========================================================================
Timing constraint: Default OFFSET IN BEFORE for Clock 'Inst_clkdiv/q_18'
  Total number of paths / destination ports: 4 / 1
-------------------------------------------------------------------------
Offset:              3.139ns (Levels of Logic = 3)
  Source:            switches<3> (PAD)
  Destination:       Inst_FSM/sorties_0 (FF)
  Destination Clock: Inst_clkdiv/q_18 rising

  Data Path: switches<3> to Inst_FSM/sorties_0
                                Gate     Net
    Cell:in->out      fanout   Delay   Delay  Logical Name (Net Name)
    ----------------------------------------  ------------
     IBUF:I->O             1   1.222   0.827  switches_3_IBUF (switches_3_IBUF)
     LUT4:I0->O            1   0.203   0.580  Inst_FSM/sorties_i<0>_SW0 (N01)
     LUT5:I4->O            1   0.205   0.000  Inst_FSM/sorties_i<0> (Inst_FSM/sorties_i<0>)
     FD:D                      0.102          Inst_FSM/sorties_0
    ----------------------------------------
    Total                      3.139ns (1.732ns logic, 1.407ns route)
                                       (55.2% logic, 44.8% route)

=========================================================================
Timing constraint: Default OFFSET OUT AFTER for Clock 'Inst_clkdiv/q_18'
  Total number of paths / destination ports: 8 / 8
-------------------------------------------------------------------------
Offset:              4.485ns (Levels of Logic = 2)
  Source:            Inst_FSM/sorties_0 (FF)
  Destination:       sevenseg<6> (PAD)
  Source Clock:      Inst_clkdiv/q_18 rising

  Data Path: Inst_FSM/sorties_0 to sevenseg<6>
                                Gate     Net
    Cell:in->out      fanout   Delay   Delay  Logical Name (Net Name)
    ----------------------------------------  ------------
     FD:C->Q               4   0.447   0.683  Inst_FSM/sorties_0 (Inst_FSM/sorties_0)
     INV:I->O              1   0.206   0.579  Afficheur/Mram_seg61_INV_0 (sevenseg_6_OBUF)
     OBUF:I->O                 2.571          sevenseg_6_OBUF (sevenseg<6>)
    ----------------------------------------
    Total                      4.485ns (3.224ns logic, 1.261ns route)
                                       (71.9% logic, 28.1% route)

=========================================================================

Cross Clock Domains Report:
--------------------------

Clock to Setup on destination clock Inst_clkdiv/q_18
----------------+---------+---------+---------+---------+
                | Src:Rise| Src:Fall| Src:Rise| Src:Fall|
Source Clock    |Dest:Rise|Dest:Rise|Dest:Fall|Dest:Fall|
----------------+---------+---------+---------+---------+
Inst_clkdiv/q_18|    2.292|         |         |         |
----------------+---------+---------+---------+---------+

Clock to Setup on destination clock clk
---------------+---------+---------+---------+---------+
               | Src:Rise| Src:Fall| Src:Rise| Src:Fall|
Source Clock   |Dest:Rise|Dest:Rise|Dest:Fall|Dest:Fall|
---------------+---------+---------+---------+---------+
clk            |    2.009|         |         |         |
---------------+---------+---------+---------+---------+

=========================================================================


Total REAL time to Xst completion: 2.00 secs
Total CPU time to Xst completion: 2.21 secs
 
--> 


Total memory usage is 363192 kilobytes

Number of errors   :    0 (   0 filtered)
Number of warnings :   12 (   0 filtered)
Number of infos    :    4 (   0 filtered)

