Release 12.4 - xst M.81d (lin64)
Copyright (c) 1995-2010 Xilinx, Inc.  All rights reserved.
--> 
Parameter TMPDIR set to xst/projnav.tmp


Total REAL time to Xst completion: 0.00 secs
Total CPU time to Xst completion: 0.03 secs
 
--> 
Parameter xsthdpdir set to xst


Total REAL time to Xst completion: 0.00 secs
Total CPU time to Xst completion: 0.03 secs
 
--> 
Reading design: mainCompteur.prj

TABLE OF CONTENTS
  1) Synthesis Options Summary
  2) HDL Parsing
  3) HDL Elaboration
  4) HDL Synthesis
       4.1) HDL Synthesis Report
  5) Advanced HDL Synthesis
       5.1) Advanced HDL Synthesis Report
  6) Low Level Synthesis
  7) Partition Report
  8) Design Summary
       8.1) Primitive and Black Box Usage
       8.2) Device utilization summary
       8.3) Partition Resource Summary
       8.4) Timing Report
            8.4.1) Clock Information
            8.4.2) Asynchronous Control Signals Information
            8.4.3) Timing Summary
            8.4.4) Timing Details
            8.4.5) Cross Clock Domains Report


=========================================================================
*                      Synthesis Options Summary                        *
=========================================================================
---- Source Parameters
Input File Name                    : "mainCompteur.prj"
Input Format                       : mixed
Ignore Synthesis Constraint File   : NO

---- Target Parameters
Output File Name                   : "mainCompteur"
Output Format                      : NGC
Target Device                      : xc6slx16-3-csg324

---- Source Options
Top Module Name                    : mainCompteur
Automatic FSM Extraction           : YES
FSM Encoding Algorithm             : Auto
Safe Implementation                : No
FSM Style                          : LUT
RAM Extraction                     : Yes
RAM Style                          : Auto
ROM Extraction                     : Yes
Shift Register Extraction          : YES
ROM Style                          : Auto
Resource Sharing                   : YES
Asynchronous To Synchronous        : NO
Shift Register Minimum Size        : 2
Use DSP Block                      : Auto
Automatic Register Balancing       : No

---- Target Options
LUT Combining                      : Auto
Reduce Control Sets                : Auto
Add IO Buffers                     : YES
Global Maximum Fanout              : 100000
Add Generic Clock Buffer(BUFG)     : 16
Register Duplication               : YES
Optimize Instantiated Primitives   : NO
Use Clock Enable                   : Auto
Use Synchronous Set                : Auto
Use Synchronous Reset              : Auto
Pack IO Registers into IOBs        : Auto
Equivalent register Removal        : YES

---- General Options
Optimization Goal                  : Speed
Optimization Effort                : 1
Power Reduction                    : NO
Keep Hierarchy                     : No
Netlist Hierarchy                  : As_Optimized
RTL Output                         : Yes
Global Optimization                : AllClockNets
Read Cores                         : YES
Write Timing Constraints           : NO
Cross Clock Analysis               : NO
Hierarchy Separator                : /
Bus Delimiter                      : <>
Case Specifier                     : Maintain
Slice Utilization Ratio            : 100
BRAM Utilization Ratio             : 100
DSP48 Utilization Ratio            : 100
Auto BRAM Packing                  : NO
Slice Utilization Ratio Delta      : 5

=========================================================================


=========================================================================
*                          HDL Parsing                                  *
=========================================================================
Parsing VHDL file "/home/m1/hembert/AEO/CTP/x7seg.vhd" into library work
Parsing entity <x7seg>.
Parsing architecture <Behavioral> of entity <x7seg>.
Parsing VHDL file "/home/m1/hembert/AEO/CTP/Question1.vhd" into library work
Parsing entity <FSM>.
Parsing architecture <Behavioral> of entity <fsm>.
Parsing VHDL file "/home/m1/hembert/AEO/CTP/increment.vhd" into library work
Parsing entity <increment>.
Parsing architecture <Behavioral> of entity <increment>.
Parsing VHDL file "/home/m1/hembert/AEO/CTP/compteur.vhd" into library work
Parsing entity <compteur>.
Parsing architecture <Behavioral> of entity <compteur>.
Parsing VHDL file "/home/m1/hembert/AEO/CTP/mainCompteur.vhd" into library work
Parsing entity <mainCompteur>.
Parsing architecture <Behavioral> of entity <maincompteur>.

=========================================================================
*                            HDL Elaboration                            *
=========================================================================

Elaborating entity <mainCompteur> (architecture <Behavioral>) from library <work>.

Elaborating entity <x7seg> (architecture <Behavioral>) from library <work>.

Elaborating entity <FSM> (architecture <Behavioral>) from library <work>.

Elaborating entity <compteur> (architecture <Behavioral>) from library <work>.

Elaborating entity <increment> (architecture <Behavioral>) from library <work>.
WARNING:HDLCompiler:634 - "/home/m1/hembert/AEO/CTP/mainCompteur.vhd" Line 78: Net <reset> does not have a driver.

=========================================================================
*                           HDL Synthesis                               *
=========================================================================

Synthesizing Unit <mainCompteur>.
    Related source file is "/home/m1/hembert/AEO/CTP/mainCompteur.vhd".
INFO:Xst:3010 - "/home/m1/hembert/AEO/CTP/mainCompteur.vhd" line 97: Output port <E10> of the instance <Inst_compteur> is unconnected or connected to loadless signal.
WARNING:Xst:653 - Signal <reset> is used but never assigned. This sourceless signal will be automatically connected to value GND.
    Summary:
	no macro.
Unit <mainCompteur> synthesized.

Synthesizing Unit <x7seg>.
    Related source file is "/home/m1/hembert/AEO/CTP/x7seg.vhd".
    Found 16x7-bit Read Only RAM for signal <seg>
    Summary:
	inferred   1 RAM(s).
Unit <x7seg> synthesized.

Synthesizing Unit <FSM>.
    Related source file is "/home/m1/hembert/AEO/CTP/Question1.vhd".
    Found 4-bit register for signal <sorties>.
    Found 4-bit register for signal <output_afficheur>.
    Found 2-bit register for signal <state>.
    Found finite state machine <FSM_0> for signal <state>.
    -----------------------------------------------------------------------
    | States             | 4                                              |
    | Transitions        | 4                                              |
    | Inputs             | 0                                              |
    | Outputs            | 6                                              |
    | Clock              | clk (rising_edge)                              |
    | Power Up State     | st_anode1                                      |
    | Encoding           | auto                                           |
    | Implementation     | LUT                                            |
    -----------------------------------------------------------------------
    Found 4-bit 4-to-1 multiplexer for signal <sorties_i> created at line 82.
    Summary:
	inferred   8 D-type flip-flop(s).
	inferred   1 Multiplexer(s).
	inferred   1 Finite State Machine(s).
Unit <FSM> synthesized.

Synthesizing Unit <compteur>.
    Related source file is "/home/m1/hembert/AEO/CTP/compteur.vhd".
    Found 1-bit register for signal <clkin>.
    Found 1-bit register for signal <E10>.
    Found 32-bit register for signal <q>.
    Found 32-bit adder for signal <q[31]_GND_8_o_add_0_OUT> created at line 51.
    Summary:
	inferred   1 Adder/Subtractor(s).
	inferred  34 D-type flip-flop(s).
Unit <compteur> synthesized.

Synthesizing Unit <increment>.
    Related source file is "/home/m1/hembert/AEO/CTP/increment.vhd".
    Found 16-bit register for signal <q>.
    Found 16-bit adder for signal <q[15]_GND_9_o_mux_1_OUT> created at line 49.
    Summary:
	inferred   1 Adder/Subtractor(s).
	inferred  16 D-type flip-flop(s).
Unit <increment> synthesized.
RTL-Simplification CPUSTAT: 0.00 
RTL-BasicInf CPUSTAT: 0.09 
RTL-BasicOpt CPUSTAT: 0.00 
RTL-Remain-Bus CPUSTAT: 0.00 

=========================================================================
HDL Synthesis Report

Macro Statistics
# RAMs                                                 : 1
 16x7-bit single-port Read Only RAM                    : 1
# Adders/Subtractors                                   : 2
 16-bit adder                                          : 1
 32-bit adder                                          : 1
# Registers                                            : 6
 1-bit register                                        : 2
 16-bit register                                       : 1
 32-bit register                                       : 1
 4-bit register                                        : 2
# Multiplexers                                         : 1
 4-bit 4-to-1 multiplexer                              : 1
# FSMs                                                 : 1

=========================================================================

=========================================================================
*                       Advanced HDL Synthesis                          *
=========================================================================


Synthesizing (advanced) Unit <compteur>.
The following registers are absorbed into counter <q>: 1 register on signal <q>.
Unit <compteur> synthesized (advanced).

Synthesizing (advanced) Unit <increment>.
The following registers are absorbed into counter <q>: 1 register on signal <q>.
Unit <increment> synthesized (advanced).

Synthesizing (advanced) Unit <x7seg>.
INFO:Xst:3048 - The small RAM <Mram_seg> will be implemented on LUTs in order to maximize performance and save block RAM resources. If you want to force its implementation on block, use option/constraint ram_style.
    -----------------------------------------------------------------------
    | ram_type           | Distributed                         |          |
    -----------------------------------------------------------------------
    | Port A                                                              |
    |     aspect ratio   | 16-word x 7-bit                     |          |
    |     weA            | connected to signal <GND>           | high     |
    |     addrA          | connected to signal <sw>            |          |
    |     diA            | connected to signal <GND>           |          |
    |     doA            | connected to signal <seg>           |          |
    -----------------------------------------------------------------------
Unit <x7seg> synthesized (advanced).

=========================================================================
Advanced HDL Synthesis Report

Macro Statistics
# RAMs                                                 : 1
 16x7-bit single-port distributed Read Only RAM        : 1
# Adders/Subtractors                                   : 1
 32-bit adder                                          : 1
# Counters                                             : 2
 16-bit up counter                                     : 1
 32-bit up counter                                     : 1
# Registers                                            : 10
 Flip-Flops                                            : 10
# Multiplexers                                         : 1
 4-bit 4-to-1 multiplexer                              : 1
# FSMs                                                 : 1

=========================================================================

=========================================================================
*                         Low Level Synthesis                           *
=========================================================================
WARNING:Xst:2677 - Node <Inst_compteur/E10> of sequential type is unconnected in block <mainCompteur>.
Analyzing FSM <MFsm> for best encoding.
Optimizing FSM <Inst_FSM/FSM_0> on signal <state[1:4]> with one-hot encoding.
-----------------------
 State     | Encoding
-----------------------
 st_anode1 | 0001
 st_anode2 | 0010
 st_anode3 | 0100
 st_anode4 | 1000
-----------------------

Optimizing unit <mainCompteur> ...

Optimizing unit <FSM> ...

Mapping all equations...
Building and optimizing final netlist ...
Found area constraint ratio of 100 (+ 5) on block mainCompteur, actual ratio is 1.

Final Macro Processing ...

=========================================================================
Final Register Report

Macro Statistics
# Registers                                            : 61
 Flip-Flops                                            : 61

=========================================================================

=========================================================================
*                           Partition Report                            *
=========================================================================

Partition Implementation Status
-------------------------------

  No Partitions were found in this design.

-------------------------------

=========================================================================
*                            Design Summary                             *
=========================================================================

Top Level Output File Name         : mainCompteur.ngc

Primitive and Black Box Usage:
------------------------------
# BELS                             : 303
#      GND                         : 1
#      INV                         : 7
#      LUT1                        : 77
#      LUT2                        : 1
#      LUT3                        : 1
#      LUT4                        : 11
#      LUT5                        : 7
#      LUT6                        : 40
#      MUXCY                       : 77
#      VCC                         : 1
#      XORCY                       : 80
# FlipFlops/Latches                : 61
#      FD                          : 60
#      FDE                         : 1
# Clock Buffers                    : 2
#      BUFG                        : 1
#      BUFGP                       : 1
# IO Buffers                       : 11
#      OBUF                        : 11

Device utilization summary:
---------------------------

Selected Device : 6slx16csg324-3 


Slice Logic Utilization: 
 Number of Slice Registers:              61  out of  18224     0%  
 Number of Slice LUTs:                  144  out of   9112     1%  
    Number used as Logic:               144  out of   9112     1%  

Slice Logic Distribution: 
 Number of LUT Flip Flop pairs used:    147
   Number with an unused Flip Flop:      86  out of    147    58%  
   Number with an unused LUT:             3  out of    147     2%  
   Number of fully used LUT-FF pairs:    58  out of    147    39%  
   Number of unique control sets:         3

IO Utilization: 
 Number of IOs:                          12
 Number of bonded IOBs:                  12  out of    232     5%  

Specific Feature Utilization:
 Number of BUFG/BUFGCTRLs:                2  out of     16    12%  

---------------------------
Partition Resource Summary:
---------------------------

  No Partitions were found in this design.

---------------------------


=========================================================================
Timing Report

NOTE: THESE TIMING NUMBERS ARE ONLY A SYNTHESIS ESTIMATE.
      FOR ACCURATE TIMING INFORMATION PLEASE REFER TO THE TRACE REPORT
      GENERATED AFTER PLACE-and-ROUTE.

Clock Information:
------------------
-----------------------------------+------------------------+-------+
Clock Signal                       | Clock buffer(FF name)  | Load  |
-----------------------------------+------------------------+-------+
clk                                | BUFGP                  | 33    |
Inst_compteur/clkin                | BUFG                   | 28    |
-----------------------------------+------------------------+-------+

Asynchronous Control Signals Information:
----------------------------------------
No asynchronous control signals found in this design

Timing Summary:
---------------
Speed Grade: -3

   Minimum period: 4.862ns (Maximum Frequency: 205.664MHz)
   Minimum input arrival time before clock: No path found
   Maximum output required time after clock: 4.821ns
   Maximum combinational path delay: No path found

Timing Details:
---------------
All values displayed in nanoseconds (ns)

=========================================================================
Timing constraint: Default period analysis for Clock 'clk'
  Clock period: 4.862ns (frequency: 205.664MHz)
  Total number of paths / destination ports: 17953 / 34
-------------------------------------------------------------------------
Delay:               4.862ns (Levels of Logic = 31)
  Source:            Inst_compteur/q_0 (FF)
  Destination:       Inst_compteur/q_0 (FF)
  Source Clock:      clk rising
  Destination Clock: clk rising

  Data Path: Inst_compteur/q_0 to Inst_compteur/q_0
                                Gate     Net
    Cell:in->out      fanout   Delay   Delay  Logical Name (Net Name)
    ----------------------------------------  ------------
     FD:C->Q               2   0.447   0.616  Inst_compteur/q_0 (Inst_compteur/q_0)
     INV:I->O              1   0.206   0.000  Inst_compteur/Madd_q[31]_GND_8_o_add_0_OUT_lut<0>_INV_0 (Inst_compteur/Madd_q[31]_GND_8_o_add_0_OUT_lut<0>)
     MUXCY:S->O            1   0.172   0.000  Inst_compteur/Madd_q[31]_GND_8_o_add_0_OUT_cy<0> (Inst_compteur/Madd_q[31]_GND_8_o_add_0_OUT_cy<0>)
     MUXCY:CI->O           1   0.019   0.000  Inst_compteur/Madd_q[31]_GND_8_o_add_0_OUT_cy<1> (Inst_compteur/Madd_q[31]_GND_8_o_add_0_OUT_cy<1>)
     MUXCY:CI->O           1   0.019   0.000  Inst_compteur/Madd_q[31]_GND_8_o_add_0_OUT_cy<2> (Inst_compteur/Madd_q[31]_GND_8_o_add_0_OUT_cy<2>)
     MUXCY:CI->O           1   0.019   0.000  Inst_compteur/Madd_q[31]_GND_8_o_add_0_OUT_cy<3> (Inst_compteur/Madd_q[31]_GND_8_o_add_0_OUT_cy<3>)
     MUXCY:CI->O           1   0.019   0.000  Inst_compteur/Madd_q[31]_GND_8_o_add_0_OUT_cy<4> (Inst_compteur/Madd_q[31]_GND_8_o_add_0_OUT_cy<4>)
     MUXCY:CI->O           1   0.019   0.000  Inst_compteur/Madd_q[31]_GND_8_o_add_0_OUT_cy<5> (Inst_compteur/Madd_q[31]_GND_8_o_add_0_OUT_cy<5>)
     MUXCY:CI->O           1   0.019   0.000  Inst_compteur/Madd_q[31]_GND_8_o_add_0_OUT_cy<6> (Inst_compteur/Madd_q[31]_GND_8_o_add_0_OUT_cy<6>)
     MUXCY:CI->O           1   0.019   0.000  Inst_compteur/Madd_q[31]_GND_8_o_add_0_OUT_cy<7> (Inst_compteur/Madd_q[31]_GND_8_o_add_0_OUT_cy<7>)
     MUXCY:CI->O           1   0.019   0.000  Inst_compteur/Madd_q[31]_GND_8_o_add_0_OUT_cy<8> (Inst_compteur/Madd_q[31]_GND_8_o_add_0_OUT_cy<8>)
     MUXCY:CI->O           1   0.019   0.000  Inst_compteur/Madd_q[31]_GND_8_o_add_0_OUT_cy<9> (Inst_compteur/Madd_q[31]_GND_8_o_add_0_OUT_cy<9>)
     MUXCY:CI->O           1   0.019   0.000  Inst_compteur/Madd_q[31]_GND_8_o_add_0_OUT_cy<10> (Inst_compteur/Madd_q[31]_GND_8_o_add_0_OUT_cy<10>)
     MUXCY:CI->O           1   0.019   0.000  Inst_compteur/Madd_q[31]_GND_8_o_add_0_OUT_cy<11> (Inst_compteur/Madd_q[31]_GND_8_o_add_0_OUT_cy<11>)
     MUXCY:CI->O           1   0.019   0.000  Inst_compteur/Madd_q[31]_GND_8_o_add_0_OUT_cy<12> (Inst_compteur/Madd_q[31]_GND_8_o_add_0_OUT_cy<12>)
     MUXCY:CI->O           1   0.019   0.000  Inst_compteur/Madd_q[31]_GND_8_o_add_0_OUT_cy<13> (Inst_compteur/Madd_q[31]_GND_8_o_add_0_OUT_cy<13>)
     MUXCY:CI->O           1   0.019   0.000  Inst_compteur/Madd_q[31]_GND_8_o_add_0_OUT_cy<14> (Inst_compteur/Madd_q[31]_GND_8_o_add_0_OUT_cy<14>)
     MUXCY:CI->O           1   0.019   0.000  Inst_compteur/Madd_q[31]_GND_8_o_add_0_OUT_cy<15> (Inst_compteur/Madd_q[31]_GND_8_o_add_0_OUT_cy<15>)
     MUXCY:CI->O           1   0.019   0.000  Inst_compteur/Madd_q[31]_GND_8_o_add_0_OUT_cy<16> (Inst_compteur/Madd_q[31]_GND_8_o_add_0_OUT_cy<16>)
     MUXCY:CI->O           1   0.019   0.000  Inst_compteur/Madd_q[31]_GND_8_o_add_0_OUT_cy<17> (Inst_compteur/Madd_q[31]_GND_8_o_add_0_OUT_cy<17>)
     MUXCY:CI->O           1   0.019   0.000  Inst_compteur/Madd_q[31]_GND_8_o_add_0_OUT_cy<18> (Inst_compteur/Madd_q[31]_GND_8_o_add_0_OUT_cy<18>)
     MUXCY:CI->O           1   0.019   0.000  Inst_compteur/Madd_q[31]_GND_8_o_add_0_OUT_cy<19> (Inst_compteur/Madd_q[31]_GND_8_o_add_0_OUT_cy<19>)
     MUXCY:CI->O           1   0.019   0.000  Inst_compteur/Madd_q[31]_GND_8_o_add_0_OUT_cy<20> (Inst_compteur/Madd_q[31]_GND_8_o_add_0_OUT_cy<20>)
     MUXCY:CI->O           1   0.019   0.000  Inst_compteur/Madd_q[31]_GND_8_o_add_0_OUT_cy<21> (Inst_compteur/Madd_q[31]_GND_8_o_add_0_OUT_cy<21>)
     MUXCY:CI->O           1   0.019   0.000  Inst_compteur/Madd_q[31]_GND_8_o_add_0_OUT_cy<22> (Inst_compteur/Madd_q[31]_GND_8_o_add_0_OUT_cy<22>)
     MUXCY:CI->O           1   0.019   0.000  Inst_compteur/Madd_q[31]_GND_8_o_add_0_OUT_cy<23> (Inst_compteur/Madd_q[31]_GND_8_o_add_0_OUT_cy<23>)
     MUXCY:CI->O           1   0.019   0.000  Inst_compteur/Madd_q[31]_GND_8_o_add_0_OUT_cy<24> (Inst_compteur/Madd_q[31]_GND_8_o_add_0_OUT_cy<24>)
     MUXCY:CI->O           1   0.019   0.000  Inst_compteur/Madd_q[31]_GND_8_o_add_0_OUT_cy<25> (Inst_compteur/Madd_q[31]_GND_8_o_add_0_OUT_cy<25>)
     MUXCY:CI->O           1   0.019   0.000  Inst_compteur/Madd_q[31]_GND_8_o_add_0_OUT_cy<26> (Inst_compteur/Madd_q[31]_GND_8_o_add_0_OUT_cy<26>)
     XORCY:CI->O           2   0.180   0.981  Inst_compteur/Madd_q[31]_GND_8_o_add_0_OUT_xor<27> (Inst_compteur/q[31]_GND_8_o_add_0_OUT<27>)
     LUT6:I0->O           17   0.203   1.256  Inst_compteur/GND_8_o_E10_MUX_58_o<31>3 (Inst_compteur/GND_8_o_E10_MUX_58_o<31>2)
     LUT6:I3->O            1   0.205   0.000  Inst_compteur/q_0_rstpot (Inst_compteur/q_0_rstpot)
     FD:D                      0.102          Inst_compteur/q_0
    ----------------------------------------
    Total                      4.862ns (2.009ns logic, 2.853ns route)
                                       (41.3% logic, 58.7% route)

=========================================================================
Timing constraint: Default period analysis for Clock 'Inst_compteur/clkin'
  Clock period: 2.740ns (frequency: 365.017MHz)
  Total number of paths / destination ports: 176 / 28
-------------------------------------------------------------------------
Delay:               2.740ns (Levels of Logic = 2)
  Source:            Inst_FSM/state_FSM_FFd4 (FF)
  Destination:       Inst_FSM/sorties_3 (FF)
  Source Clock:      Inst_compteur/clkin rising
  Destination Clock: Inst_compteur/clkin rising

  Data Path: Inst_FSM/state_FSM_FFd4 to Inst_FSM/sorties_3
                                Gate     Net
    Cell:in->out      fanout   Delay   Delay  Logical Name (Net Name)
    ----------------------------------------  ------------
     FD:C->Q               6   0.447   0.973  Inst_FSM/state_FSM_FFd4 (Inst_FSM/state_FSM_FFd4)
     LUT4:I1->O            1   0.205   0.808  Inst_FSM/Mmux_sorties_i<3>_SW0 (N01)
     LUT5:I2->O            1   0.205   0.000  Inst_FSM/Mmux_sorties_i<3> (Inst_FSM/sorties_i<3>)
     FD:D                      0.102          Inst_FSM/sorties_3
    ----------------------------------------
    Total                      2.740ns (0.959ns logic, 1.781ns route)
                                       (35.0% logic, 65.0% route)

=========================================================================
Timing constraint: Default OFFSET OUT AFTER for Clock 'Inst_compteur/clkin'
  Total number of paths / destination ports: 32 / 11
-------------------------------------------------------------------------
Offset:              4.821ns (Levels of Logic = 2)
  Source:            Inst_FSM/sorties_1 (FF)
  Destination:       sevenseg<6> (PAD)
  Source Clock:      Inst_compteur/clkin rising

  Data Path: Inst_FSM/sorties_1 to sevenseg<6>
                                Gate     Net
    Cell:in->out      fanout   Delay   Delay  Logical Name (Net Name)
    ----------------------------------------  ------------
     FD:C->Q               7   0.447   1.021  Inst_FSM/sorties_1 (Inst_FSM/sorties_1)
     LUT4:I0->O            1   0.203   0.579  Afficheur/Mram_seg61 (sevenseg_6_OBUF)
     OBUF:I->O                 2.571          sevenseg_6_OBUF (sevenseg<6>)
    ----------------------------------------
    Total                      4.821ns (3.221ns logic, 1.600ns route)
                                       (66.8% logic, 33.2% route)

=========================================================================

Cross Clock Domains Report:
--------------------------

Clock to Setup on destination clock Inst_compteur/clkin
-------------------+---------+---------+---------+---------+
                   | Src:Rise| Src:Fall| Src:Rise| Src:Fall|
Source Clock       |Dest:Rise|Dest:Rise|Dest:Fall|Dest:Fall|
-------------------+---------+---------+---------+---------+
Inst_compteur/clkin|    2.740|         |         |         |
-------------------+---------+---------+---------+---------+

Clock to Setup on destination clock clk
---------------+---------+---------+---------+---------+
               | Src:Rise| Src:Fall| Src:Rise| Src:Fall|
Source Clock   |Dest:Rise|Dest:Rise|Dest:Fall|Dest:Fall|
---------------+---------+---------+---------+---------+
clk            |    4.862|         |         |         |
---------------+---------+---------+---------+---------+

=========================================================================


Total REAL time to Xst completion: 3.00 secs
Total CPU time to Xst completion: 2.41 secs
 
--> 


Total memory usage is 363416 kilobytes

Number of errors   :    0 (   0 filtered)
Number of warnings :    3 (   0 filtered)
Number of infos    :    2 (   0 filtered)

